<?xml version="1.0" encoding="UTF-8"?>
<!-- Generated by org.testng.reporters.JUnitXMLReporter -->
<testsuite hostname="DESKTOP-GJSAEHS" failures="0" tests="9" name="Test" time="0.077" errors="0" timestamp="23 Sep 2022 06:05:12 GMT">
  <testcase classname="jenkinScripts.Script1Test" name="demo1" time="0.012"/>
  <testcase classname="jenkinScripts.Script1Test" name="demo2" time="0.002"/>
  <testcase classname="jenkinScripts.Script1Test" name="demo3" time="0.001"/>
  <testcase classname="jenkinScripts.Script3Test" name="Agenda1" time="0.001"/>
  <testcase classname="jenkinScripts.Script3Test" name="Agenda2" time="0.003"/>
  <testcase classname="jenkinScripts.Script3Test" name="Agenda3" time="0.004"/>
  <testcase classname="jenkinScripts.Script2Test" name="Program1" time="0.003"/>
  <testcase classname="jenkinScripts.Script2Test" name="Program2" time="0.004"/>
  <testcase classname="jenkinScripts.Script2Test" name="Program3" time="0.002"/>
</testsuite> <!-- Test -->
